<?xml version="1.0" encoding="UTF-8"?>
<!-- Generated by org.testng.reporters.JUnitReportReporter -->
<testsuite skipped="0" hostname="0519124b23b2" name="com.searchmodule.tests.SearchTest" tests="5" failures="0" timestamp="2021-07-19T21:38:24 GMT" time="42.312" errors="0">
  <testcase name="search" time="6.349" classname="com.searchmodule.tests.SearchTest"/>
  <system-out/>
  <testcase name="search" time="6.223" classname="com.searchmodule.tests.SearchTest"/>
  <system-out/>
  <testcase name="search" time="7.790" classname="com.searchmodule.tests.SearchTest"/>
  <system-out/>
  <testcase name="search" time="14.912" classname="com.searchmodule.tests.SearchTest"/>
  <system-out/>
  <testcase name="search" time="7.038" classname="com.searchmodule.tests.SearchTest"/>
  <system-out/>
</testsuite> <!-- com.searchmodule.tests.SearchTest -->
