<?xml version="1.0" encoding="UTF-8"?>
<!-- Generated by org.testng.reporters.JUnitReportReporter -->
<testsuite skipped="0" hostname="92383b7e685d" name="com.newtours.tests.BookFlightTest" tests="20" failures="0" timestamp="2021-07-19T21:36:22 GMT" time="49.467" errors="0">
  <testcase name="registrationPageTest" time="9.641" classname="com.newtours.tests.BookFlightTest"/>
  <system-out/>
  <testcase name="flightConfirmationPageTest" time="0.474" classname="com.newtours.tests.BookFlightTest"/>
  <system-out/>
  <testcase name="flightDetailsPageTest" time="1.775" classname="com.newtours.tests.BookFlightTest"/>
  <system-out/>
  <testcase name="registrationConfirmationPageTest" time="0.253" classname="com.newtours.tests.BookFlightTest"/>
  <system-out/>
  <testcase name="flightDetailsPageTest" time="1.790" classname="com.newtours.tests.BookFlightTest"/>
  <system-out/>
  <testcase name="findFlightPageTest" time="0.656" classname="com.newtours.tests.BookFlightTest"/>
  <system-out/>
  <testcase name="registrationConfirmationPageTest" time="0.323" classname="com.newtours.tests.BookFlightTest"/>
  <system-out/>
  <testcase name="findFlightPageTest" time="0.546" classname="com.newtours.tests.BookFlightTest"/>
  <system-out/>
  <testcase name="registrationConfirmationPageTest" time="0.287" classname="com.newtours.tests.BookFlightTest"/>
  <system-out/>
  <testcase name="registrationPageTest" time="6.031" classname="com.newtours.tests.BookFlightTest"/>
  <system-out/>
  <testcase name="findFlightPageTest" time="0.515" classname="com.newtours.tests.BookFlightTest"/>
  <system-out/>
  <testcase name="flightConfirmationPageTest" time="0.505" classname="com.newtours.tests.BookFlightTest"/>
  <system-out/>
  <testcase name="flightDetailsPageTest" time="1.832" classname="com.newtours.tests.BookFlightTest"/>
  <system-out/>
  <testcase name="registrationConfirmationPageTest" time="0.267" classname="com.newtours.tests.BookFlightTest"/>
  <system-out/>
  <testcase name="findFlightPageTest" time="2.090" classname="com.newtours.tests.BookFlightTest"/>
  <system-out/>
  <testcase name="flightConfirmationPageTest" time="1.992" classname="com.newtours.tests.BookFlightTest"/>
  <system-out/>
  <testcase name="flightConfirmationPageTest" time="0.567" classname="com.newtours.tests.BookFlightTest"/>
  <system-out/>
  <testcase name="registrationPageTest" time="11.160" classname="com.newtours.tests.BookFlightTest"/>
  <system-out/>
  <testcase name="flightDetailsPageTest" time="1.770" classname="com.newtours.tests.BookFlightTest"/>
  <system-out/>
  <testcase name="registrationPageTest" time="6.993" classname="com.newtours.tests.BookFlightTest"/>
  <system-out/>
</testsuite> <!-- com.newtours.tests.BookFlightTest -->
